2023-09-08 22:15:10,598 [INFO] Loading Book of test.txt...
2023-09-08 22:15:10,613 [INFO] Done!
2023-09-08 22:15:10,631 [INFO] Loading Tokenizers and Model...
2023-09-08 22:19:37,533 [INFO] Done!
2023-09-08 22:19:37,534 [INFO] Translating for language: eng_Latn
2023-09-08 23:04:46,788 [INFO] Loading Book of test.txt...
2023-09-08 23:04:46,801 [INFO] Done!
2023-09-08 23:04:46,808 [INFO] Loading Tokenizers and Model...
2023-09-08 23:06:07,853 [INFO] Loading Book of test.txt...
2023-09-08 23:06:07,855 [INFO] Done!
2023-09-08 23:06:07,857 [INFO] Loading Tokenizers and Model...
2023-09-08 23:09:42,863 [INFO] Done!
2023-09-08 23:09:42,865 [INFO] Translating for language: eng_Latn
2023-09-08 23:10:35,419 [INFO] Loading Book of test.txt...
2023-09-08 23:10:35,432 [INFO] Done!
2023-09-08 23:10:35,441 [INFO] Loading Tokenizers and Model...
2023-09-08 23:13:29,174 [INFO] Done!
2023-09-08 23:13:29,174 [INFO] Translating for language: eng_Latn
2023-09-08 23:13:29,175 [INFO] Opening File data/translated_books/eng_Latn/John.md to Write
2023-09-08 23:14:51,903 [INFO] Loading Book of test.txt...
2023-09-08 23:14:51,906 [INFO] Done!
2023-09-08 23:14:51,908 [INFO] Loading Tokenizers and Model...
2023-09-08 23:17:47,708 [INFO] Done!
2023-09-08 23:17:47,710 [INFO] Translating for language: eng_Latn
2023-09-08 23:17:47,712 [INFO] Opening File data/translated_books/eng_Latn/John.md to Write
2023-09-08 23:18:33,791 [INFO] Loading Book of test.txt...
2023-09-08 23:18:33,794 [INFO] Done!
2023-09-08 23:18:33,797 [INFO] Loading Tokenizers and Model...
2023-09-08 23:21:27,954 [INFO] Done!
2023-09-08 23:21:27,955 [INFO] Translating for language: eng_Latn
2023-09-08 23:21:27,955 [INFO] Opening File data/translated_books/eng_Latn/John.md to Write
2023-09-08 23:22:38,128 [INFO] Loading Book of test.txt...
2023-09-08 23:22:38,131 [INFO] Done!
2023-09-08 23:22:38,134 [INFO] Loading Tokenizers and Model...
2023-09-08 23:25:31,386 [INFO] Done!
2023-09-08 23:25:31,388 [INFO] Translating for language: eng_Latn
2023-09-08 23:25:31,388 [INFO] Opening File data/translated_books/eng_Latn/John.md to Write
2023-09-08 23:26:50,215 [INFO] Loading Book of test.txt...
2023-09-08 23:26:50,218 [INFO] Done!
2023-09-08 23:26:50,221 [INFO] Loading Tokenizers and Model...
2023-09-08 23:29:41,336 [INFO] Done!
2023-09-08 23:29:41,337 [INFO] Translating for language: eng_Latn
2023-09-08 23:29:41,337 [INFO] Opening File data/translated_books/eng_Latn/John.md to Write
2023-09-08 23:29:41,350 [INFO] Chapter 1
2023-09-08 23:35:12,014 [INFO] Loading Book of test.txt...
2023-09-08 23:35:12,016 [INFO] Done!
2023-09-08 23:35:12,018 [INFO] Loading Tokenizers and Model...
2023-09-08 23:40:25,330 [INFO] Loading Book of test.txt...
2023-09-08 23:40:25,333 [INFO] Done!
2023-09-08 23:40:25,335 [INFO] Loading Tokenizers and Model...
2023-09-08 23:43:31,900 [INFO] Done!
2023-09-08 23:43:31,900 [INFO] Translating for language: eng_Latn
2023-09-08 23:43:31,901 [INFO] Opening File data/translated_books/eng_Latn/John.md to Write
2023-09-08 23:43:31,903 [INFO] Chapter 1
2023-09-08 23:52:14,270 [INFO] Loading Book of test.txt...
2023-09-08 23:52:14,275 [INFO] Done!
2023-09-08 23:52:14,280 [INFO] Loading Tokenizers and Model...
2023-09-08 23:52:49,625 [INFO] Loading Book of test.txt...
2023-09-08 23:52:49,635 [INFO] Done!
2023-09-08 23:52:49,685 [INFO] Loading Tokenizers and Model...
2023-09-08 23:58:24,496 [INFO] Done!
2023-09-08 23:58:24,500 [INFO] Translating for language: eng_Latn
2023-09-08 23:58:24,501 [INFO] Opening File data/translated_books/eng_Latn/John.md to Write
2023-09-08 23:58:24,744 [INFO] Chapter 1
2023-09-09 23:48:20,245 [INFO] Loading Book of test.txt...
2023-09-09 23:48:20,253 [INFO] Done!
2023-09-09 23:48:20,268 [INFO] Loading Tokenizers and Model...
2023-09-09 23:51:35,879 [INFO] Done!
2023-09-09 23:51:35,881 [INFO] Translating for language: eng_Latn
2023-09-09 23:51:35,882 [INFO] Opening File data/translated_books/eng_Latn/John.md to Write
2023-09-09 23:51:35,904 [INFO] Chapter 1
2023-09-09 23:59:20,104 [INFO] Loading Book of test.txt...
2023-09-09 23:59:20,109 [INFO] Done!
2023-09-09 23:59:20,112 [INFO] Loading Tokenizers and Model...
2023-09-10 00:02:37,566 [INFO] Done!
2023-09-10 00:02:37,568 [INFO] Translating for language: eng_Latn
2023-09-10 00:02:37,569 [INFO] Opening File data/translated_books/eng_Latn/John.md to Write
2023-09-10 00:02:37,571 [INFO] Chapter 1
2023-09-10 21:18:07,394 [INFO] Loading Book of test.txt...
2023-09-10 21:18:07,405 [INFO] Done!
2023-09-10 21:18:07,410 [INFO] Loading Tokenizers and Model...
2023-09-10 21:27:34,934 [INFO] Loading Book of test.txt...
2023-09-10 21:27:34,944 [INFO] Done!
2023-09-10 21:27:34,954 [INFO] Loading Tokenizers and Model...
2023-09-10 21:31:20,079 [INFO] Done!
2023-09-10 21:31:20,082 [INFO] Translating for language: eng_Latn
2023-09-10 21:31:20,082 [INFO] Opening File data/translated_books/eng_Latn/John.md to Write
2023-09-10 21:31:20,100 [INFO] Chapter 1
2023-09-10 21:55:01,559 [INFO] Loading Book of test.txt...
2023-09-10 21:55:01,562 [INFO] Done!
2023-09-10 21:55:01,565 [INFO] Loading Tokenizers and Model...
2023-09-10 21:59:27,339 [INFO] Loading Book of test.txt...
2023-09-10 21:59:27,342 [INFO] Done!
2023-09-10 21:59:27,344 [INFO] Loading Tokenizers and Model...
2023-09-10 22:09:45,930 [INFO] Loading Book of test.txt...
2023-09-10 22:09:45,942 [INFO] Done!
2023-09-10 22:09:45,950 [INFO] Loading Tokenizers and Model...
2023-09-10 22:17:05,031 [INFO] Done!
2023-09-10 22:17:05,033 [INFO] Translating for language: eng_Latn
2023-09-10 22:17:05,034 [INFO] Opening File data/translated_books/eng_Latn/John.md to Write
2023-09-10 22:17:05,080 [INFO] Chapter 1
2023-09-11 16:06:33,287 [INFO] Loading Book of test.txt...
2023-09-11 16:06:33,309 [INFO] Done!
2023-09-11 16:06:33,321 [INFO] Loading Tokenizers and Model...
2023-09-11 16:12:35,536 [INFO] Done!
2023-09-11 16:12:35,538 [INFO] Translating for language: eng_Latn
2023-09-11 16:12:35,538 [INFO] Opening File data/translated_books/eng_Latn/John.md to Write
2023-09-11 16:12:35,551 [INFO] Chapter 1
2023-09-11 16:38:35,111 [INFO] Loading Book of test.txt...
2023-09-11 16:38:35,114 [INFO] Done!
2023-09-11 16:38:35,116 [INFO] Loading Tokenizers and Model...
2023-09-11 16:45:07,156 [INFO] Done!
2023-09-11 16:45:07,161 [INFO] Translating for language: eng_Latn
2023-09-11 16:45:07,161 [INFO] Opening File data/translated_books/eng_Latn/John.md to Write
2023-09-11 16:45:07,219 [INFO] Chapter 1
2023-09-11 16:47:19,405 [INFO] Loading Book of test.txt...
2023-09-11 16:47:19,417 [INFO] Done!
2023-09-11 16:47:19,424 [INFO] Loading Tokenizers and Model...
2023-09-11 16:53:43,511 [INFO] Done!
2023-09-11 16:54:29,242 [INFO] Loading Book of test.txt...
2023-09-11 16:54:29,256 [INFO] Done!
2023-09-11 16:54:29,266 [INFO] Loading Tokenizers and Model...
2023-09-11 17:00:23,478 [INFO] Done!
2023-09-12 10:30:09,693 [INFO] Loading Book of test.txt...
2023-09-12 10:30:09,709 [INFO] Done!
2023-09-12 10:30:09,717 [INFO] Loading Tokenizers and Model...
2023-09-12 10:34:10,411 [INFO] Loading Book of test.txt...
2023-09-12 10:34:10,425 [INFO] Done!
2023-09-12 10:34:10,438 [INFO] Loading Tokenizers and Model...
2023-09-12 10:42:30,920 [INFO] Done!
2023-09-12 10:42:34,579 [INFO] Translating for language: eng_Latn
2023-09-12 10:42:35,324 [INFO] Opening File data/translated_books/eng_Latn/John.md to Write
2023-09-12 10:42:38,588 [INFO] Chapter 1
2023-09-12 10:44:07,443 [INFO] Loading Book of test.txt...
2023-09-12 10:44:07,445 [INFO] Done!
2023-09-12 10:44:07,447 [INFO] Loading Tokenizers and Model...
2023-09-12 10:50:20,373 [INFO] Done!
2023-09-12 10:50:20,376 [INFO] Translating for language: eng_Latn
2023-09-12 10:50:20,376 [INFO] Opening File data/translated_books/eng_Latn/John.md to Write
2023-09-12 10:50:20,405 [INFO] Chapter 1
2023-09-12 10:51:46,289 [INFO] Loading Book of test.txt...
2023-09-12 10:51:46,299 [INFO] Done!
2023-09-12 10:51:46,305 [INFO] Loading Tokenizers and Model...
2023-09-12 10:57:46,284 [INFO] Done!
2023-09-12 10:57:46,292 [INFO] Translating for language: eng_Latn
2023-09-12 10:57:46,293 [INFO] Opening File data/translated_books/eng_Latn/John.md to Write
2023-09-12 10:57:46,466 [INFO] Chapter 1
2023-09-12 11:03:07,782 [INFO] Loading Book of test.txt...
2023-09-12 11:03:07,784 [INFO] Done!
2023-09-12 11:03:07,786 [INFO] Loading Tokenizers and Model...
2023-09-12 11:09:14,829 [INFO] Done!
2023-09-12 11:09:14,833 [INFO] Translating for language: eng_Latn
2023-09-12 11:09:14,833 [INFO] Opening File data/translated_books/eng_Latn/John.md to Write
2023-09-12 11:09:14,854 [INFO] Chapter 1
2023-09-12 11:14:43,145 [INFO] Loading Book of test.txt...
2023-09-12 11:14:43,150 [INFO] Done!
2023-09-12 11:14:43,153 [INFO] Loading Tokenizers and Model...
2023-09-12 11:20:14,043 [INFO] Done!
2023-09-12 11:20:14,047 [INFO] Translating for language: eng_Latn
2023-09-12 11:20:14,047 [INFO] Opening File data/translated_books/eng_Latn/John.md to Write
2023-09-12 11:20:14,078 [INFO] Chapter 1
2023-09-12 11:28:31,696 [INFO] Loading Book of test.txt...
2023-09-12 11:28:31,704 [INFO] Done!
2023-09-12 11:28:31,711 [INFO] Loading Tokenizers and Model...
2023-09-12 11:34:46,215 [INFO] Done!
2023-09-12 11:34:46,220 [INFO] Translating for language: eng_Latn
2023-09-12 11:34:46,223 [INFO] Opening File data/translated_books/eng_Latn/John.md to Write
2023-09-12 11:34:46,235 [INFO] Chapter 1
2023-09-12 11:40:52,093 [INFO] Loading Book of test.txt...
2023-09-12 11:40:52,099 [INFO] Done!
2023-09-12 11:40:52,106 [INFO] Loading Tokenizers and Model...
2023-09-12 11:46:41,782 [INFO] Done!
2023-09-12 11:46:41,786 [INFO] Translating for language: eng_Latn
2023-09-12 11:46:41,786 [INFO] Opening File data/translated_books/eng_Latn/John.md to Write
2023-09-12 11:46:41,830 [INFO] Chapter 1
2023-09-12 11:58:51,045 [INFO] Loading Book of test.txt...
2023-09-12 11:58:51,048 [INFO] Done!
2023-09-12 11:58:51,050 [INFO] Loading Tokenizers and Model...
2023-09-12 12:04:45,551 [INFO] Done!
2023-09-12 12:04:45,554 [INFO] Translating for language: eng_Latn
2023-09-12 12:04:45,556 [INFO] Opening File data/translated_books/eng_Latn/John.md to Write
2023-09-12 12:04:45,600 [INFO] Chapter 1
2023-09-12 12:10:49,780 [INFO] Loading Book of test.txt...
2023-09-12 12:10:49,784 [INFO] Done!
2023-09-12 12:10:49,786 [INFO] Loading Tokenizers and Model...
2023-09-12 12:20:16,896 [INFO] Done!
2023-09-12 12:20:16,907 [INFO] Translating for language: eng_Latn
2023-09-12 12:20:16,907 [INFO] Opening File data/translated_books/eng_Latn/John.md to Write
2023-09-12 12:20:16,977 [INFO] Chapter 1
2023-09-12 13:32:00,508 [INFO] Loading Book of test.txt...
2023-09-12 13:32:00,512 [INFO] Done!
2023-09-12 13:32:00,514 [INFO] Loading Tokenizers and Model...
2023-09-12 13:41:57,848 [INFO] Done!
2023-09-12 13:41:57,852 [INFO] Translating for language: eng_Latn
2023-09-12 13:41:57,852 [INFO] Opening File data/translated_books/eng_Latn/John.md to Write
2023-09-12 13:41:57,884 [INFO] Chapter 1
